INFO 2024-12-03 11:55:27,995 autoreload Watching for file changes with StatReloader
INFO 2024-12-03 11:55:31,665 basehttp "GET /?page=2 HTTP/1.1" 200 13645
WARNING 2024-12-03 11:55:31,750 log Not Found: /...
WARNING 2024-12-03 11:55:31,752 basehttp "GET /... HTTP/1.1" 404 3288
INFO 2024-12-03 11:55:33,482 basehttp "GET /?page=3 HTTP/1.1" 200 13640
WARNING 2024-12-03 11:55:33,541 log Not Found: /...
WARNING 2024-12-03 11:55:33,542 basehttp "GET /... HTTP/1.1" 404 3288
INFO 2024-12-03 11:57:48,243 basehttp "GET /book_orders/cart/add/18/ HTTP/1.1" 302 0
INFO 2024-12-03 11:57:48,283 basehttp "GET /book_orders/cart/ HTTP/1.1" 200 6230
INFO 2024-12-03 11:58:01,255 basehttp "POST /book_orders/cart_update/13/ HTTP/1.1" 302 0
INFO 2024-12-03 11:58:01,291 basehttp "GET /book_orders/cart/ HTTP/1.1" 200 6229
INFO 2024-12-03 12:09:15,159 basehttp "GET /?page=300 HTTP/1.1" 200 13640
WARNING 2024-12-03 12:09:15,213 log Not Found: /...
WARNING 2024-12-03 12:09:15,214 basehttp "GET /... HTTP/1.1" 404 3288
INFO 2024-12-03 12:15:43,843 autoreload /Users/ninelisurmava/Desktop/Py/ItStep/37Django/myDjango/myDjango/settings.py changed, reloading.
[INFO] 2024-12-03 12:15:44,856 autoreload Watching for file changes with StatReloader
[INFO] 2024-12-03 12:15:51,241 autoreload /Users/ninelisurmava/Desktop/Py/ItStep/37Django/myDjango/myDjango/settings.py changed, reloading.
[INFO] [2024-12-03 12:15:51,843] autoreload Watching for file changes with StatReloader
[INFO] [2024-12-03 12:15:55,137] autoreload /Users/ninelisurmava/Desktop/Py/ItStep/37Django/myDjango/myDjango/settings.py changed, reloading.
[INFO] [2024-12-03 12:15:55,828] [autoreload] Watching for file changes with StatReloader
[INFO] [2024-12-03 12:16:00,132] [autoreload] /Users/ninelisurmava/Desktop/Py/ItStep/37Django/myDjango/myDjango/settings.py changed, reloading.
[INFO] [2024-12-03 12:16:00,987] [autoreload] [Watching for file changes with StatReloader]
[INFO] [2024-12-03 12:16:32,881] [basehttp] ["GET /?page=2 HTTP/1.1" 200 13645]
[WARNING] [2024-12-03 12:16:32,959] [log] [Not Found: /...]
[WARNING] [2024-12-03 12:16:32,960] [basehttp] ["GET /... HTTP/1.1" 404 3288]
[INFO] [2024-12-03 12:16:33,653] [basehttp] ["GET /?page=1 HTTP/1.1" 200 13602]
[WARNING] [2024-12-03 12:16:33,695] [log] [Not Found: /...]
[WARNING] [2024-12-03 12:16:33,696] [basehttp] ["GET /... HTTP/1.1" 404 3288]
[INFO] [2024-12-03 12:16:35,813] [basehttp] ["GET /book_orders/cart/add/2/ HTTP/1.1" 302 0]
[INFO] [2024-12-03 12:16:35,850] [basehttp] ["GET /book_orders/cart/ HTTP/1.1" 200 6230]
[INFO] [2024-12-03 12:16:38,800] [basehttp] ["POST /book_orders/cart_update/11/ HTTP/1.1" 302 0]
[INFO] [2024-12-03 12:16:38,839] [basehttp] ["GET /book_orders/cart/ HTTP/1.1" 200 6229]
[INFO] [2024-12-03 12:16:39,930] [basehttp] ["GET /book_orders/cart/delete/12/ HTTP/1.1" 302 0]
[INFO] [2024-12-03 12:16:39,965] [basehttp] ["GET /book_orders/cart/ HTTP/1.1" 200 5347]
[INFO] [2024-12-03 14:03:23,320] [autoreload] [/Users/ninelisurmava/Desktop/Py/ItStep/37Django/myDjango/myDjango/settings.py changed, reloading.]
[INFO] [2024-12-03 14:03:24,578] [autoreload] [Watching for file changes with StatReloader]
[INFO] [2024-12-03 14:03:26,055] [autoreload] [/Users/ninelisurmava/Desktop/Py/ItStep/37Django/myDjango/myDjango/settings.py changed, reloading.]
[INFO] [2024-12-03 14:10:39,245] [autoreload] [Watching for file changes with StatReloader]
[INFO] [2024-12-03 14:11:02,817] [autoreload] [/Users/ninelisurmava/Desktop/Py/ItStep/37Django/myDjango/book_shope/models.py changed, reloading.]
[INFO] [2024-12-03 14:11:03,308] [autoreload] [Watching for file changes with StatReloader]
[INFO] [2024-12-03 14:11:04,600] [autoreload] [/Users/ninelisurmava/Desktop/Py/ItStep/37Django/myDjango/book_shope/models.py changed, reloading.]
[INFO] [2024-12-03 14:11:05,233] [autoreload] [Watching for file changes with StatReloader]
[INFO] [2024-12-03 14:11:08,422] [autoreload] [/Users/ninelisurmava/Desktop/Py/ItStep/37Django/myDjango/book_shope/models.py changed, reloading.]
[INFO] [2024-12-03 14:11:09,172] [autoreload] [Watching for file changes with StatReloader]
[INFO] [2024-12-03 14:11:10,357] [autoreload] [/Users/ninelisurmava/Desktop/Py/ItStep/37Django/myDjango/book_shope/models.py changed, reloading.]
[INFO] [2024-12-03 14:11:10,845] [autoreload] [Watching for file changes with StatReloader]
[INFO] [2024-12-03 14:11:12,065] [autoreload] [/Users/ninelisurmava/Desktop/Py/ItStep/37Django/myDjango/book_shope/models.py changed, reloading.]
[INFO] [2024-12-03 14:11:12,535] [autoreload] [Watching for file changes with StatReloader]
[INFO] [2024-12-03 14:11:38,201] [autoreload] [Watching for file changes with StatReloader]
[INFO] [2024-12-03 14:11:55,658] [autoreload] [/Users/ninelisurmava/Desktop/Py/ItStep/37Django/myDjango/book_shope/models.py changed, reloading.]
[INFO] [2024-12-03 14:11:56,512] [autoreload] [Watching for file changes with StatReloader]
[INFO] [2024-12-03 14:11:57,687] [autoreload] [/Users/ninelisurmava/Desktop/Py/ItStep/37Django/myDjango/book_shope/models.py changed, reloading.]
[INFO] [2024-12-03 14:11:58,150] [autoreload] [Watching for file changes with StatReloader]
[INFO] [2024-12-03 14:11:59,337] [autoreload] [/Users/ninelisurmava/Desktop/Py/ItStep/37Django/myDjango/book_shope/models.py changed, reloading.]
[INFO] [2024-12-03 14:11:59,805] [autoreload] [Watching for file changes with StatReloader]
[INFO] [2024-12-03 14:12:26,662] [autoreload] [Watching for file changes with StatReloader]
[INFO] [2024-12-03 14:12:41,078] [autoreload] [/Users/ninelisurmava/Desktop/Py/ItStep/37Django/myDjango/book_shope/models.py changed, reloading.]
[INFO] [2024-12-03 14:12:41,855] [autoreload] [Watching for file changes with StatReloader]
[INFO] [2024-12-03 14:12:43,065] [autoreload] [/Users/ninelisurmava/Desktop/Py/ItStep/37Django/myDjango/book_shope/models.py changed, reloading.]
[INFO] [2024-12-03 14:12:43,623] [autoreload] [Watching for file changes with StatReloader]
[INFO] [2024-12-03 14:15:02,976] [autoreload] [Watching for file changes with StatReloader]
[INFO] [2024-12-03 14:16:41,664] [autoreload] [Watching for file changes with StatReloader]
[INFO] [2024-12-03 16:50:10,043] [autoreload] [Watching for file changes with StatReloader]
[INFO] [2024-12-03 17:16:51,566] [autoreload] [Watching for file changes with StatReloader]
[INFO] [2024-12-03 17:18:37,435] [autoreload] [/Users/ninelisurmava/Desktop/Py/ItStep/37Django/myDjango/book_shope/urls.py changed, reloading.]
[INFO] [2024-12-03 17:18:37,929] [autoreload] [Watching for file changes with StatReloader]
[INFO] [2024-12-03 17:18:39,264] [autoreload] [/Users/ninelisurmava/Desktop/Py/ItStep/37Django/myDjango/book_shope/urls.py changed, reloading.]
[INFO] [2024-12-03 17:18:40,108] [autoreload] [Watching for file changes with StatReloader]
[INFO] [2024-12-03 17:18:41,195] [autoreload] [/Users/ninelisurmava/Desktop/Py/ItStep/37Django/myDjango/book_shope/urls.py changed, reloading.]
[INFO] [2024-12-03 17:18:41,915] [autoreload] [Watching for file changes with StatReloader]
[INFO] [2024-12-03 17:18:42,996] [autoreload] [/Users/ninelisurmava/Desktop/Py/ItStep/37Django/myDjango/book_shope/urls.py changed, reloading.]
[INFO] [2024-12-03 17:18:43,709] [autoreload] [Watching for file changes with StatReloader]
[INFO] [2024-12-03 17:18:44,951] [autoreload] [/Users/ninelisurmava/Desktop/Py/ItStep/37Django/myDjango/book_shope/urls.py changed, reloading.]
[INFO] [2024-12-03 17:18:45,633] [autoreload] [Watching for file changes with StatReloader]
[INFO] [2024-12-03 17:18:46,735] [autoreload] [/Users/ninelisurmava/Desktop/Py/ItStep/37Django/myDjango/book_shope/urls.py changed, reloading.]
[INFO] [2024-12-03 17:18:47,326] [autoreload] [Watching for file changes with StatReloader]
[INFO] [2024-12-03 17:18:48,576] [autoreload] [/Users/ninelisurmava/Desktop/Py/ItStep/37Django/myDjango/book_shope/urls.py changed, reloading.]
[INFO] [2024-12-03 17:18:49,155] [autoreload] [Watching for file changes with StatReloader]
[INFO] [2024-12-03 17:18:51,435] [autoreload] [/Users/ninelisurmava/Desktop/Py/ItStep/37Django/myDjango/book_shope/urls.py changed, reloading.]
[INFO] [2024-12-03 17:18:51,998] [autoreload] [Watching for file changes with StatReloader]
[INFO] [2024-12-03 17:18:53,084] [autoreload] [/Users/ninelisurmava/Desktop/Py/ItStep/37Django/myDjango/book_shope/urls.py changed, reloading.]
[INFO] [2024-12-03 17:18:53,657] [autoreload] [Watching for file changes with StatReloader]
[INFO] [2024-12-03 17:18:54,757] [autoreload] [/Users/ninelisurmava/Desktop/Py/ItStep/37Django/myDjango/book_shope/urls.py changed, reloading.]
[INFO] [2024-12-03 17:18:55,321] [autoreload] [Watching for file changes with StatReloader]
[INFO] [2024-12-03 17:18:57,485] [autoreload] [/Users/ninelisurmava/Desktop/Py/ItStep/37Django/myDjango/book_shope/urls.py changed, reloading.]
[INFO] [2024-12-03 17:18:58,009] [autoreload] [Watching for file changes with StatReloader]
[INFO] [2024-12-03 17:18:59,100] [autoreload] [/Users/ninelisurmava/Desktop/Py/ItStep/37Django/myDjango/book_shope/urls.py changed, reloading.]
[INFO] [2024-12-03 17:18:59,501] [autoreload] [Watching for file changes with StatReloader]
[INFO] [2024-12-03 17:19:00,581] [autoreload] [/Users/ninelisurmava/Desktop/Py/ItStep/37Django/myDjango/book_shope/urls.py changed, reloading.]
[INFO] [2024-12-03 17:19:01,282] [autoreload] [Watching for file changes with StatReloader]
[INFO] [2024-12-03 17:19:02,434] [autoreload] [/Users/ninelisurmava/Desktop/Py/ItStep/37Django/myDjango/book_shope/urls.py changed, reloading.]
[INFO] [2024-12-03 17:19:02,905] [autoreload] [Watching for file changes with StatReloader]
[INFO] [2024-12-03 17:19:03,991] [autoreload] [/Users/ninelisurmava/Desktop/Py/ItStep/37Django/myDjango/book_shope/urls.py changed, reloading.]
[INFO] [2024-12-03 17:19:04,695] [autoreload] [Watching for file changes with StatReloader]
[INFO] [2024-12-03 17:19:05,778] [autoreload] [/Users/ninelisurmava/Desktop/Py/ItStep/37Django/myDjango/book_shope/urls.py changed, reloading.]
[INFO] [2024-12-03 17:19:06,405] [autoreload] [Watching for file changes with StatReloader]
[INFO] [2024-12-03 17:19:07,505] [autoreload] [/Users/ninelisurmava/Desktop/Py/ItStep/37Django/myDjango/book_shope/urls.py changed, reloading.]
[INFO] [2024-12-03 17:19:08,184] [autoreload] [Watching for file changes with StatReloader]
[INFO] [2024-12-03 17:19:13,327] [autoreload] [/Users/ninelisurmava/Desktop/Py/ItStep/37Django/myDjango/book_shope/urls.py changed, reloading.]
[INFO] [2024-12-03 17:19:13,832] [autoreload] [Watching for file changes with StatReloader]
[INFO] [2024-12-03 17:19:26,272] [autoreload] [/Users/ninelisurmava/Desktop/Py/ItStep/37Django/myDjango/book_shope/urls.py changed, reloading.]
[INFO] [2024-12-03 17:19:26,713] [autoreload] [Watching for file changes with StatReloader]
[INFO] [2024-12-03 17:19:30,976] [autoreload] [/Users/ninelisurmava/Desktop/Py/ItStep/37Django/myDjango/book_shope/urls.py changed, reloading.]
[INFO] [2024-12-03 17:19:31,807] [autoreload] [Watching for file changes with StatReloader]
[INFO] [2024-12-03 17:19:32,960] [autoreload] [/Users/ninelisurmava/Desktop/Py/ItStep/37Django/myDjango/book_shope/urls.py changed, reloading.]
[INFO] [2024-12-03 17:19:33,453] [autoreload] [Watching for file changes with StatReloader]
[INFO] [2024-12-03 17:19:34,551] [autoreload] [/Users/ninelisurmava/Desktop/Py/ItStep/37Django/myDjango/book_shope/urls.py changed, reloading.]
[INFO] [2024-12-03 17:19:34,970] [autoreload] [Watching for file changes with StatReloader]
[INFO] [2024-12-03 17:19:36,068] [autoreload] [/Users/ninelisurmava/Desktop/Py/ItStep/37Django/myDjango/book_shope/urls.py changed, reloading.]
[INFO] [2024-12-03 17:19:36,539] [autoreload] [Watching for file changes with StatReloader]
[INFO] [2024-12-03 17:19:39,698] [autoreload] [/Users/ninelisurmava/Desktop/Py/ItStep/37Django/myDjango/book_shope/urls.py changed, reloading.]
[INFO] [2024-12-03 17:19:40,170] [autoreload] [Watching for file changes with StatReloader]
[INFO] [2024-12-03 17:19:41,280] [autoreload] [/Users/ninelisurmava/Desktop/Py/ItStep/37Django/myDjango/book_shope/urls.py changed, reloading.]
[INFO] [2024-12-03 17:19:41,720] [autoreload] [Watching for file changes with StatReloader]
[INFO] [2024-12-03 17:19:43,816] [autoreload] [/Users/ninelisurmava/Desktop/Py/ItStep/37Django/myDjango/book_shope/urls.py changed, reloading.]
[INFO] [2024-12-03 17:19:44,380] [autoreload] [Watching for file changes with StatReloader]
[INFO] [2024-12-03 17:19:48,509] [autoreload] [/Users/ninelisurmava/Desktop/Py/ItStep/37Django/myDjango/book_shope/urls.py changed, reloading.]
[INFO] [2024-12-03 17:19:48,968] [autoreload] [Watching for file changes with StatReloader]
[INFO] [2024-12-03 17:19:50,053] [autoreload] [/Users/ninelisurmava/Desktop/Py/ItStep/37Django/myDjango/book_shope/urls.py changed, reloading.]
[INFO] [2024-12-03 17:19:50,456] [autoreload] [Watching for file changes with StatReloader]
[INFO] [2024-12-03 17:19:51,542] [autoreload] [/Users/ninelisurmava/Desktop/Py/ItStep/37Django/myDjango/book_shope/urls.py changed, reloading.]
[INFO] [2024-12-03 17:19:52,035] [autoreload] [Watching for file changes with StatReloader]
[INFO] [2024-12-03 17:19:54,134] [autoreload] [/Users/ninelisurmava/Desktop/Py/ItStep/37Django/myDjango/book_shope/urls.py changed, reloading.]
[INFO] [2024-12-03 17:19:54,591] [autoreload] [Watching for file changes with StatReloader]
[INFO] [2024-12-03 17:19:55,776] [autoreload] [/Users/ninelisurmava/Desktop/Py/ItStep/37Django/myDjango/book_shope/urls.py changed, reloading.]
[INFO] [2024-12-03 17:19:56,201] [autoreload] [Watching for file changes with StatReloader]
[INFO] [2024-12-03 17:19:58,316] [autoreload] [/Users/ninelisurmava/Desktop/Py/ItStep/37Django/myDjango/book_shope/urls.py changed, reloading.]
[INFO] [2024-12-03 17:19:58,738] [autoreload] [Watching for file changes with StatReloader]
[INFO] [2024-12-03 17:19:59,883] [autoreload] [/Users/ninelisurmava/Desktop/Py/ItStep/37Django/myDjango/book_shope/urls.py changed, reloading.]
[INFO] [2024-12-03 17:20:00,538] [autoreload] [Watching for file changes with StatReloader]
[INFO] [2024-12-03 17:20:01,631] [autoreload] [/Users/ninelisurmava/Desktop/Py/ItStep/37Django/myDjango/book_shope/urls.py changed, reloading.]
[INFO] [2024-12-03 17:20:02,068] [autoreload] [Watching for file changes with StatReloader]
[INFO] [2024-12-03 17:20:03,170] [autoreload] [/Users/ninelisurmava/Desktop/Py/ItStep/37Django/myDjango/book_shope/urls.py changed, reloading.]
[INFO] [2024-12-03 17:20:03,641] [autoreload] [Watching for file changes with StatReloader]
[INFO] [2024-12-03 17:20:04,742] [autoreload] [/Users/ninelisurmava/Desktop/Py/ItStep/37Django/myDjango/book_shope/urls.py changed, reloading.]
[INFO] [2024-12-03 17:20:05,292] [autoreload] [Watching for file changes with StatReloader]
[INFO] [2024-12-03 17:20:06,530] [autoreload] [/Users/ninelisurmava/Desktop/Py/ItStep/37Django/myDjango/book_shope/urls.py changed, reloading.]
[INFO] [2024-12-03 17:20:06,991] [autoreload] [Watching for file changes with StatReloader]
[INFO] [2024-12-03 17:20:08,153] [autoreload] [/Users/ninelisurmava/Desktop/Py/ItStep/37Django/myDjango/book_shope/urls.py changed, reloading.]
[INFO] [2024-12-03 17:20:08,815] [autoreload] [Watching for file changes with StatReloader]
[INFO] [2024-12-03 17:20:09,920] [autoreload] [/Users/ninelisurmava/Desktop/Py/ItStep/37Django/myDjango/book_shope/urls.py changed, reloading.]
[INFO] [2024-12-03 17:20:10,362] [autoreload] [Watching for file changes with StatReloader]
[INFO] [2024-12-03 17:20:11,473] [autoreload] [/Users/ninelisurmava/Desktop/Py/ItStep/37Django/myDjango/book_shope/urls.py changed, reloading.]
[INFO] [2024-12-03 17:20:11,884] [autoreload] [Watching for file changes with StatReloader]
[INFO] [2024-12-03 17:20:51,495] [autoreload] [/Users/ninelisurmava/Desktop/Py/ItStep/37Django/myDjango/book_shope/urls.py changed, reloading.]
[INFO] [2024-12-03 17:20:51,950] [autoreload] [Watching for file changes with StatReloader]
[INFO] [2024-12-03 17:20:53,037] [autoreload] [/Users/ninelisurmava/Desktop/Py/ItStep/37Django/myDjango/book_shope/urls.py changed, reloading.]
[INFO] [2024-12-03 17:20:53,541] [autoreload] [Watching for file changes with StatReloader]
[INFO] [2024-12-03 17:20:54,707] [autoreload] [/Users/ninelisurmava/Desktop/Py/ItStep/37Django/myDjango/book_shope/urls.py changed, reloading.]
[INFO] [2024-12-03 17:20:55,293] [autoreload] [Watching for file changes with StatReloader]
[INFO] [2024-12-03 17:20:58,416] [autoreload] [/Users/ninelisurmava/Desktop/Py/ItStep/37Django/myDjango/book_shope/urls.py changed, reloading.]
[INFO] [2024-12-03 17:20:59,095] [autoreload] [Watching for file changes with StatReloader]
[INFO] [2024-12-03 17:23:48,309] [autoreload] [Watching for file changes with StatReloader]
[INFO] [2024-12-03 17:24:22,136] [basehttp] ["GET /product/add/ HTTP/1.1" 302 0]
[INFO] [2024-12-03 17:24:22,228] [basehttp] ["GET / HTTP/1.1" 200 13602]
[WARNING] [2024-12-03 17:24:22,280] [log] [Not Found: /...]
[WARNING] [2024-12-03 17:24:22,280] [basehttp] ["GET /... HTTP/1.1" 404 3547]
[WARNING] [2024-12-03 17:24:22,336] [log] [Not Found: /...]
[WARNING] [2024-12-03 17:24:22,336] [basehttp] ["GET /... HTTP/1.1" 404 3547]
[INFO] [2024-12-03 17:24:39,820] [basehttp] ["GET /admin/ HTTP/1.1" 302 0]
[INFO] [2024-12-03 17:24:39,879] [basehttp] ["GET /admin/login/?next=/admin/ HTTP/1.1" 200 4096]
[INFO] [2024-12-03 17:24:39,939] [basehttp] ["GET /static/admin/js/theme.js HTTP/1.1" 200 1653]
[INFO] [2024-12-03 17:24:39,940] [basehttp] ["GET /static/admin/css/dark_mode.css HTTP/1.1" 200 2804]
[INFO] [2024-12-03 17:24:39,941] [basehttp] ["GET /static/admin/css/base.css HTTP/1.1" 200 22092]
[INFO] [2024-12-03 17:24:39,948] [basehttp] ["GET /static/admin/css/login.css HTTP/1.1" 200 951]
[INFO] [2024-12-03 17:24:39,951] [basehttp] ["GET /static/admin/css/nav_sidebar.css HTTP/1.1" 200 2810]
[INFO] [2024-12-03 17:24:39,952] [basehttp] ["GET /static/admin/css/responsive.css HTTP/1.1" 200 17972]
[INFO] [2024-12-03 17:24:39,954] [basehttp] ["GET /static/admin/js/nav_sidebar.js HTTP/1.1" 200 3063]
[INFO] [2024-12-03 17:24:39,976] [basehttp] ["GET /static/admin/img/icon-no.svg HTTP/1.1" 200 560]
[INFO] [2024-12-03 17:24:39,976] [basehttp] ["GET /static/admin/img/icon-yes.svg HTTP/1.1" 200 436]
[INFO] [2024-12-03 17:24:41,373] [basehttp] ["GET /static/admin/img/sorting-icons.svg HTTP/1.1" 200 1097]
[INFO] [2024-12-03 17:24:41,408] [basehttp] ["GET /static/admin/img/icon-viewlink.svg HTTP/1.1" 200 581]
[INFO] [2024-12-03 17:24:41,410] [basehttp] ["GET /static/admin/img/icon-addlink.svg HTTP/1.1" 200 331]
[INFO] [2024-12-03 17:24:41,411] [basehttp] ["GET /static/admin/img/icon-changelink.svg HTTP/1.1" 200 380]
[INFO] [2024-12-03 17:24:41,428] [basehttp] ["GET /static/admin/img/icon-deletelink.svg HTTP/1.1" 200 392]
[INFO] [2024-12-03 17:24:41,430] [basehttp] ["GET /static/admin/img/icon-hidelink.svg HTTP/1.1" 200 784]
[INFO] [2024-12-03 17:24:41,431] [basehttp] ["GET /static/admin/img/tooltag-arrowright.svg HTTP/1.1" 200 280]
[INFO] [2024-12-03 17:24:41,432] [basehttp] ["GET /static/admin/img/tooltag-add.svg HTTP/1.1" 200 331]
[INFO] [2024-12-03 17:24:49,697] [basehttp] ["POST /admin/login/?next=/admin/ HTTP/1.1" 302 0]
[INFO] [2024-12-03 17:24:49,744] [basehttp] ["GET /admin/ HTTP/1.1" 200 11024]
[INFO] [2024-12-03 17:24:49,766] [basehttp] ["GET /static/admin/css/dashboard.css HTTP/1.1" 200 441]
[INFO] [2024-12-03 17:24:54,646] [basehttp] ["GET /admin/auth/group/ HTTP/1.1" 200 9898]
[INFO] [2024-12-03 17:24:54,675] [basehttp] ["GET /static/admin/css/changelists.css HTTP/1.1" 200 6878]
[INFO] [2024-12-03 17:24:54,676] [basehttp] ["GET /static/admin/js/jquery.init.js HTTP/1.1" 200 347]
[INFO] [2024-12-03 17:24:54,691] [basehttp] ["GET /static/admin/js/core.js HTTP/1.1" 200 6208]
[INFO] [2024-12-03 17:24:54,694] [basehttp] ["GET /static/admin/js/admin/RelatedObjectLookups.js HTTP/1.1" 200 9097]
[INFO] [2024-12-03 17:24:54,696] [basehttp] ["GET /static/admin/js/urlify.js HTTP/1.1" 200 7887]
[INFO] [2024-12-03 17:24:54,699] [basehttp] ["GET /static/admin/js/actions.js HTTP/1.1" 200 8076]
[INFO] [2024-12-03 17:24:54,708] [basehttp] ["GET /static/admin/js/prepopulate.js HTTP/1.1" 200 1531]
[INFO] [2024-12-03 17:24:54,710] [basehttp] ["GET /static/admin/img/search.svg HTTP/1.1" 200 458]
[INFO] [2024-12-03 17:24:54,728] [basehttp] ["GET /static/admin/js/vendor/jquery/jquery.js HTTP/1.1" 200 285314]
[INFO] [2024-12-03 17:24:54,732] [basehttp] ["GET /static/admin/js/vendor/xregexp/xregexp.js HTTP/1.1" 200 325171]
[INFO] [2024-12-03 17:24:54,750] [basehttp] ["GET /admin/jsi18n/ HTTP/1.1" 200 3342]
[INFO] [2024-12-03 17:24:54,753] [basehttp] ["GET /static/admin/js/filters.js HTTP/1.1" 200 978]
[INFO] [2024-12-03 17:24:55,881] [basehttp] ["GET /admin/ HTTP/1.1" 200 11024]
[INFO] [2024-12-03 17:24:57,214] [basehttp] ["GET /admin/auth/user/ HTTP/1.1" 200 12932]
[INFO] [2024-12-03 17:24:57,257] [basehttp] ["GET /admin/jsi18n/ HTTP/1.1" 200 3342]
[INFO] [2024-12-03 17:24:59,877] [basehttp] ["GET /admin/auth/user/2/change/ HTTP/1.1" 200 24879]
[INFO] [2024-12-03 17:24:59,908] [basehttp] ["GET /static/admin/js/calendar.js HTTP/1.1" 200 9141]
[INFO] [2024-12-03 17:24:59,910] [basehttp] ["GET /static/admin/js/admin/DateTimeShortcuts.js HTTP/1.1" 200 19319]
[INFO] [2024-12-03 17:24:59,910] [basehttp] ["GET /static/admin/css/forms.css HTTP/1.1" 200 8794]
[INFO] [2024-12-03 17:24:59,910] [basehttp] ["GET /static/admin/js/SelectFilter2.js HTTP/1.1" 200 15502]
[INFO] [2024-12-03 17:24:59,911] [basehttp] ["GET /static/admin/js/SelectBox.js HTTP/1.1" 200 4530]
[INFO] [2024-12-03 17:24:59,919] [basehttp] ["GET /static/admin/js/prepopulate_init.js HTTP/1.1" 200 586]
[INFO] [2024-12-03 17:24:59,924] [basehttp] ["GET /static/admin/css/widgets.css HTTP/1.1" 200 11564]
[INFO] [2024-12-03 17:24:59,928] [basehttp] ["GET /static/admin/js/change_form.js HTTP/1.1" 200 606]
[INFO] [2024-12-03 17:24:59,941] [basehttp] ["GET /admin/jsi18n/ HTTP/1.1" 200 3342]
[INFO] [2024-12-03 17:25:00,097] [basehttp] ["GET /static/admin/img/icon-clock.svg HTTP/1.1" 200 677]
[INFO] [2024-12-03 17:25:00,099] [basehttp] ["GET /static/admin/img/selector-icons.svg HTTP/1.1" 200 3291]
[INFO] [2024-12-03 17:25:00,126] [basehttp] ["GET /static/admin/img/icon-unknown.svg HTTP/1.1" 200 655]
[INFO] [2024-12-03 17:25:00,127] [basehttp] ["GET /static/admin/img/icon-unknown-alt.svg HTTP/1.1" 200 655]
[INFO] [2024-12-03 17:25:00,127] [basehttp] ["GET /static/admin/img/icon-calendar.svg HTTP/1.1" 200 1086]
[INFO] [2024-12-03 17:25:00,128] [basehttp] ["GET /static/admin/img/calendar-icons.svg HTTP/1.1" 200 2455]
[INFO] [2024-12-03 17:25:00,128] [basehttp] ["GET /static/admin/img/inline-delete.svg HTTP/1.1" 200 560]
[INFO] [2024-12-03 17:25:35,611] [basehttp] ["POST /admin/auth/user/2/change/ HTTP/1.1" 302 0]
[INFO] [2024-12-03 17:25:35,647] [basehttp] ["GET /admin/auth/user/ HTTP/1.1" 200 13130]
[INFO] [2024-12-03 17:25:35,713] [basehttp] ["GET /admin/jsi18n/ HTTP/1.1" 200 3342]
[INFO] [2024-12-03 17:25:45,043] [basehttp] ["GET /admin/auth/user/2/change/ HTTP/1.1" 200 24888]
[INFO] [2024-12-03 17:25:45,103] [basehttp] ["GET /admin/jsi18n/ HTTP/1.1" 200 3342]
[INFO] [2024-12-03 17:25:50,297] [basehttp] ["POST /admin/logout/ HTTP/1.1" 200 3559]
[INFO] [2024-12-03 17:25:54,696] [basehttp] ["GET / HTTP/1.1" 200 12348]
[WARNING] [2024-12-03 17:25:54,786] [log] [Not Found: /...]
[WARNING] [2024-12-03 17:25:54,787] [basehttp] ["GET /... HTTP/1.1" 404 3547]
[WARNING] [2024-12-03 17:25:54,853] [log] [Not Found: /...]
[WARNING] [2024-12-03 17:25:54,854] [basehttp] ["GET /... HTTP/1.1" 404 3547]
[INFO] [2024-12-03 17:25:59,327] [basehttp] ["GET /users/login/ HTTP/1.1" 200 3376]
[INFO] [2024-12-03 17:26:11,596] [basehttp] ["POST /users/login/ HTTP/1.1" 302 0]
[INFO] [2024-12-03 17:26:11,644] [basehttp] ["GET / HTTP/1.1" 200 13602]
[WARNING] [2024-12-03 17:26:11,669] [log] [Not Found: /...]
[WARNING] [2024-12-03 17:26:11,670] [basehttp] ["GET /... HTTP/1.1" 404 3547]
[INFO] [2024-12-03 17:26:25,028] [basehttp] ["GET / HTTP/1.1" 200 13602]
[WARNING] [2024-12-03 17:26:25,052] [log] [Not Found: /...]
[WARNING] [2024-12-03 17:26:25,053] [basehttp] ["GET /... HTTP/1.1" 404 3547]
[INFO] [2024-12-03 17:26:28,966] [basehttp] ["POST /users/logout/ HTTP/1.1" 302 0]
[INFO] [2024-12-03 17:26:29,002] [basehttp] ["GET / HTTP/1.1" 200 12348]
[WARNING] [2024-12-03 17:26:29,030] [log] [Not Found: /...]
[WARNING] [2024-12-03 17:26:29,031] [basehttp] ["GET /... HTTP/1.1" 404 3547]
[INFO] [2024-12-03 17:26:37,924] [basehttp] ["GET /admin/ HTTP/1.1" 302 0]
[INFO] [2024-12-03 17:26:37,949] [basehttp] ["GET /admin/login/?next=/admin/ HTTP/1.1" 200 4164]
[INFO] [2024-12-03 17:26:43,842] [basehttp] ["POST /admin/login/?next=/admin/ HTTP/1.1" 302 0]
[INFO] [2024-12-03 17:26:43,878] [basehttp] ["GET /admin/ HTTP/1.1" 200 10985]
[INFO] [2024-12-03 17:26:50,814] [basehttp] ["GET /admin/auth/user/ HTTP/1.1" 200 12932]
[INFO] [2024-12-03 17:26:50,885] [basehttp] ["GET /admin/jsi18n/ HTTP/1.1" 200 3342]
[INFO] [2024-12-03 17:26:53,042] [basehttp] ["GET /admin/auth/user/2/change/ HTTP/1.1" 200 24888]
[INFO] [2024-12-03 17:26:53,093] [basehttp] ["GET /admin/jsi18n/ HTTP/1.1" 200 3342]
[INFO] [2024-12-03 17:27:02,411] [basehttp] ["POST /admin/auth/user/2/change/ HTTP/1.1" 302 0]
[INFO] [2024-12-03 17:27:02,468] [basehttp] ["GET /admin/auth/user/2/change/ HTTP/1.1" 200 25115]
[INFO] [2024-12-03 17:27:02,525] [basehttp] ["GET /admin/jsi18n/ HTTP/1.1" 200 3342]
[INFO] [2024-12-03 17:27:06,731] [basehttp] ["POST /admin/auth/user/2/change/ HTTP/1.1" 302 0]
[INFO] [2024-12-03 17:27:06,765] [basehttp] ["GET /admin/auth/user/ HTTP/1.1" 200 13130]
[INFO] [2024-12-03 17:27:06,810] [basehttp] ["GET /admin/jsi18n/ HTTP/1.1" 200 3342]
[INFO] [2024-12-03 17:27:08,406] [basehttp] ["GET /admin/auth/group/ HTTP/1.1" 200 9898]
[INFO] [2024-12-03 17:27:08,454] [basehttp] ["GET /admin/jsi18n/ HTTP/1.1" 200 3342]
[INFO] [2024-12-03 17:27:10,647] [basehttp] ["GET /admin/auth/group/1/change/ HTTP/1.1" 200 15070]
[INFO] [2024-12-03 17:27:10,693] [basehttp] ["GET /admin/jsi18n/ HTTP/1.1" 200 3342]
[INFO] [2024-12-03 17:27:46,933] [basehttp] ["POST /admin/auth/group/1/change/ HTTP/1.1" 302 0]
[INFO] [2024-12-03 17:27:46,963] [basehttp] ["GET /admin/auth/group/ HTTP/1.1" 200 10098]
[INFO] [2024-12-03 17:27:47,040] [basehttp] ["GET /admin/jsi18n/ HTTP/1.1" 200 3342]
[INFO] [2024-12-03 17:27:50,998] [basehttp] ["POST /admin/logout/ HTTP/1.1" 200 3559]
[INFO] [2024-12-03 17:27:57,520] [basehttp] ["GET / HTTP/1.1" 200 12348]
[WARNING] [2024-12-03 17:27:57,607] [log] [Not Found: /...]
[WARNING] [2024-12-03 17:27:57,608] [basehttp] ["GET /... HTTP/1.1" 404 3547]
[WARNING] [2024-12-03 17:27:57,652] [log] [Not Found: /...]
[WARNING] [2024-12-03 17:27:57,652] [basehttp] ["GET /... HTTP/1.1" 404 3547]
[INFO] [2024-12-03 17:28:01,628] [basehttp] ["GET /users/login/ HTTP/1.1" 200 3376]
[INFO] [2024-12-03 17:28:07,683] [basehttp] ["POST /users/login/ HTTP/1.1" 302 0]
[INFO] [2024-12-03 17:28:07,729] [basehttp] ["GET / HTTP/1.1" 200 13683]
[WARNING] [2024-12-03 17:28:07,758] [log] [Not Found: /...]
[WARNING] [2024-12-03 17:28:07,759] [basehttp] ["GET /... HTTP/1.1" 404 3547]
[INFO] [2024-12-03 17:28:16,905] [basehttp] ["GET /product/add/ HTTP/1.1" 200 6565]
[INFO] [2024-12-03 17:29:11,488] [basehttp] ["GET /book_orders/cart/ HTTP/1.1" 200 5347]
[INFO] [2024-12-03 17:33:04,724] [basehttp] ["POST /product/add/ HTTP/1.1" 302 0]
[INFO] [2024-12-03 17:33:04,787] [basehttp] ["GET / HTTP/1.1" 200 13955]
[WARNING] [2024-12-03 17:33:04,822] [log] [Not Found: /...]
[WARNING] [2024-12-03 17:33:04,823] [basehttp] ["GET /... HTTP/1.1" 404 3547]
[INFO] [2024-12-03 17:33:08,987] [basehttp] ["GET / HTTP/1.1" 200 13955]
[WARNING] [2024-12-03 17:33:09,124] [log] [Not Found: /...]
[WARNING] [2024-12-03 17:33:09,128] [basehttp] ["GET /... HTTP/1.1" 404 3547]
[INFO] [2024-12-03 17:33:11,252] [basehttp] ["GET /?page=4 HTTP/1.1" 200 6973]
[WARNING] [2024-12-03 17:33:11,285] [log] [Not Found: /...]
[WARNING] [2024-12-03 17:33:11,286] [basehttp] ["GET /... HTTP/1.1" 404 3547]
[INFO] [2024-12-03 17:35:02,721] [basehttp] ["GET /product/add/ HTTP/1.1" 200 6565]
[INFO] [2024-12-03 17:37:01,693] [basehttp] ["POST /product/add/ HTTP/1.1" 302 0]
[INFO] [2024-12-03 17:37:01,748] [basehttp] ["GET / HTTP/1.1" 200 13955]
[WARNING] [2024-12-03 17:37:01,799] [log] [Not Found: /...]
[WARNING] [2024-12-03 17:37:01,800] [basehttp] ["GET /... HTTP/1.1" 404 3547]
[INFO] [2024-12-03 17:37:05,069] [basehttp] ["GET /?page=4 HTTP/1.1" 200 8009]
[WARNING] [2024-12-03 17:37:05,109] [log] [Not Found: /...]
[WARNING] [2024-12-03 17:37:05,110] [basehttp] ["GET /... HTTP/1.1" 404 3547]
[INFO] [2024-12-03 17:42:07,965] [basehttp] ["GET /product/add/ HTTP/1.1" 200 6595]
[INFO] [2024-12-03 17:44:58,809] [basehttp] ["POST /product/add/ HTTP/1.1" 302 0]
[INFO] [2024-12-03 17:44:58,859] [basehttp] ["GET / HTTP/1.1" 200 13955]
[WARNING] [2024-12-03 17:44:58,920] [log] [Not Found: /...]
[WARNING] [2024-12-03 17:44:58,921] [basehttp] ["GET /... HTTP/1.1" 404 3547]
[INFO] [2024-12-03 17:45:10,248] [basehttp] ["GET /?page=4 HTTP/1.1" 200 9014]
[WARNING] [2024-12-03 17:45:10,299] [log] [Not Found: /...]
[WARNING] [2024-12-03 17:45:10,299] [basehttp] ["GET /... HTTP/1.1" 404 3547]
[INFO] [2024-12-03 17:45:57,598] [autoreload] [/Users/ninelisurmava/Desktop/Py/ItStep/37Django/myDjango/book_shope/views.py changed, reloading.]
[INFO] [2024-12-03 17:45:58,868] [autoreload] [Watching for file changes with StatReloader]
[INFO] [2024-12-03 17:46:00,114] [autoreload] [/Users/ninelisurmava/Desktop/Py/ItStep/37Django/myDjango/book_shope/views.py changed, reloading.]
[INFO] [2024-12-03 17:46:00,615] [autoreload] [Watching for file changes with StatReloader]
[INFO] [2024-12-03 17:46:01,901] [autoreload] [/Users/ninelisurmava/Desktop/Py/ItStep/37Django/myDjango/book_shope/views.py changed, reloading.]
[INFO] [2024-12-03 17:46:02,378] [autoreload] [Watching for file changes with StatReloader]
[INFO] [2024-12-03 17:46:03,479] [autoreload] [/Users/ninelisurmava/Desktop/Py/ItStep/37Django/myDjango/book_shope/views.py changed, reloading.]
[INFO] [2024-12-03 17:46:03,903] [autoreload] [Watching for file changes with StatReloader]
[INFO] [2024-12-03 17:46:13,728] [basehttp] ["GET /?page=4 HTTP/1.1" 200 9014]
[WARNING] [2024-12-03 17:46:13,778] [log] [Not Found: /...]
[WARNING] [2024-12-03 17:46:13,781] [basehttp] ["GET /... HTTP/1.1" 404 3547]
[INFO] [2024-12-03 17:46:22,757] [basehttp] ["GET /product/add/ HTTP/1.1" 200 6595]
[INFO] [2024-12-03 17:47:48,597] [basehttp] ["POST /product/add/ HTTP/1.1" 302 0]
[INFO] [2024-12-03 17:47:48,645] [basehttp] ["GET / HTTP/1.1" 200 13955]
[WARNING] [2024-12-03 17:47:48,687] [log] [Not Found: /...]
[WARNING] [2024-12-03 17:47:48,688] [basehttp] ["GET /... HTTP/1.1" 404 3547]
[INFO] [2024-12-03 17:47:50,828] [basehttp] ["GET /?page=4 HTTP/1.1" 200 10072]
[WARNING] [2024-12-03 17:47:50,855] [log] [Not Found: /...]
[WARNING] [2024-12-03 17:47:50,857] [basehttp] ["GET /... HTTP/1.1" 404 3547]
[INFO] [2024-12-03 17:51:16,606] [basehttp] ["GET /?page=4 HTTP/1.1" 200 10101]
[WARNING] [2024-12-03 17:51:16,667] [log] [Not Found: /MEDIA/1]
[WARNING] [2024-12-03 17:51:16,676] [basehttp] ["GET /MEDIA/1 HTTP/1.1" 404 3481]
[INFO] [2024-12-03 17:51:16,719] [basehttp] ["GET /MEDIA/products/Harry_Potter_and_the_Sorcerers_Stone_.jpg HTTP/1.1" 200 95296]
[INFO] [2024-12-03 17:53:25,105] [basehttp] ["GET /?page=4 HTTP/1.1" 200 10753]
[WARNING] [2024-12-03 17:53:25,147] [log] [Not Found: /MEDIA/1]
[INFO] [2024-12-03 17:53:25,153] [basehttp] ["GET /MEDIA/products/Harry_Potter_and_the_Sorcerers_Stone_.jpg HTTP/1.1" 304 0]
[WARNING] [2024-12-03 17:53:25,153] [basehttp] ["GET /MEDIA/1 HTTP/1.1" 404 3481]
[INFO] [2024-12-03 17:53:28,668] [basehttp] ["GET /?page=4 HTTP/1.1" 200 10753]
[WARNING] [2024-12-03 17:53:28,706] [log] [Not Found: /MEDIA/1]
[WARNING] [2024-12-03 17:53:28,707] [basehttp] ["GET /MEDIA/1 HTTP/1.1" 404 3481]
[INFO] [2024-12-03 17:55:57,786] [basehttp] ["GET /?page=4 HTTP/1.1" 200 10389]
[INFO] [2024-12-03 17:55:57,828] [basehttp] ["GET /MEDIA/products/Harry_Potter_and_the_Sorcerers_Stone_.jpg HTTP/1.1" 304 0]
[WARNING] [2024-12-03 17:55:57,841] [log] [Not Found: /MEDIA/1]
[WARNING] [2024-12-03 17:55:57,843] [basehttp] ["GET /MEDIA/1 HTTP/1.1" 404 3481]
[INFO] [2024-12-03 17:56:00,616] [basehttp] ["GET /?page=4 HTTP/1.1" 200 10389]
[WARNING] [2024-12-03 17:56:00,658] [log] [Not Found: /MEDIA/1]
[WARNING] [2024-12-03 17:56:00,659] [basehttp] ["GET /MEDIA/1 HTTP/1.1" 404 3481]
[INFO] [2024-12-03 17:56:04,632] [basehttp] ["GET /?page=2 HTTP/1.1" 200 14293]
[WARNING] [2024-12-03 17:56:04,661] [log] [Not Found: /MEDIA/1]
[WARNING] [2024-12-03 17:56:04,661] [basehttp] ["GET /MEDIA/1 HTTP/1.1" 404 3481]
[INFO] [2024-12-03 17:56:08,010] [basehttp] ["GET /?page=1 HTTP/1.1" 200 14171]
[WARNING] [2024-12-03 17:56:08,045] [log] [Not Found: /MEDIA/1]
[WARNING] [2024-12-03 17:56:08,046] [basehttp] ["GET /MEDIA/1 HTTP/1.1" 404 3481]
[INFO] [2024-12-03 17:56:10,064] [basehttp] ["GET /?page=1 HTTP/1.1" 200 14171]
[WARNING] [2024-12-03 17:56:10,086] [log] [Not Found: /MEDIA/1]
[WARNING] [2024-12-03 17:56:10,086] [basehttp] ["GET /MEDIA/1 HTTP/1.1" 404 3481]
[INFO] [2024-12-03 17:56:11,015] [basehttp] ["GET /?page=1 HTTP/1.1" 200 14171]
[WARNING] [2024-12-03 17:56:11,038] [log] [Not Found: /MEDIA/1]
[WARNING] [2024-12-03 17:56:11,039] [basehttp] ["GET /MEDIA/1 HTTP/1.1" 404 3481]
[INFO] [2024-12-03 17:56:23,045] [basehttp] ["GET /?page=4 HTTP/1.1" 200 10389]
[WARNING] [2024-12-03 17:56:23,094] [log] [Not Found: /MEDIA/1]
[WARNING] [2024-12-03 17:56:23,094] [basehttp] ["GET /MEDIA/1 HTTP/1.1" 404 3481]
[INFO] [2024-12-03 17:56:28,076] [basehttp] ["GET /?page=3 HTTP/1.1" 200 14187]
[WARNING] [2024-12-03 17:56:28,114] [log] [Not Found: /MEDIA/1]
[WARNING] [2024-12-03 17:56:28,115] [basehttp] ["GET /MEDIA/1 HTTP/1.1" 404 3481]
[INFO] [2024-12-03 17:57:30,832] [basehttp] ["GET /?page=3 HTTP/1.1" 200 14187]
[WARNING] [2024-12-03 17:57:30,881] [log] [Not Found: /MEDIA/1]
[WARNING] [2024-12-03 17:57:30,881] [basehttp] ["GET /MEDIA/1 HTTP/1.1" 404 3481]
[INFO] [2024-12-03 17:57:33,694] [basehttp] ["GET /?page=4 HTTP/1.1" 200 10389]
[WARNING] [2024-12-03 17:57:33,730] [log] [Not Found: /MEDIA/1]
[INFO] [2024-12-03 17:57:33,730] [basehttp] ["GET /MEDIA/products/Harry_Potter_and_the_Sorcerers_Stone_.jpg HTTP/1.1" 304 0]
[WARNING] [2024-12-03 17:57:33,733] [basehttp] ["GET /MEDIA/1 HTTP/1.1" 404 3481]
[INFO] [2024-12-03 17:58:26,848] [basehttp] ["GET /?page=1 HTTP/1.1" 200 14171]
[WARNING] [2024-12-03 17:58:26,895] [log] [Not Found: /MEDIA/1]
[WARNING] [2024-12-03 17:58:26,896] [basehttp] ["GET /MEDIA/1 HTTP/1.1" 404 3481]
[INFO] [2024-12-03 17:59:09,995] [basehttp] ["GET /product/detail/2/ HTTP/1.1" 200 10895]
[INFO] [2024-12-03 18:22:11,836] [basehttp] ["GET /?page=1 HTTP/1.1" 200 14307]
[WARNING] [2024-12-03 18:22:11,900] [log] [Not Found: /MEDIA/Null]
[WARNING] [2024-12-03 18:22:11,901] [basehttp] ["GET /MEDIA/Null HTTP/1.1" 404 3493]
[WARNING] [2024-12-03 18:22:11,910] [log] [Not Found: /MEDIA/products/Harry_Potter_and_the_Sorcerers_Stone_.jpg]
[WARNING] [2024-12-03 18:22:11,912] [basehttp] ["GET /MEDIA/products/Harry_Potter_and_the_Sorcerers_Stone_.jpg HTTP/1.1" 404 3677]
[INFO] [2024-12-03 18:25:18,376] [autoreload] [Watching for file changes with StatReloader]
[INFO] [2024-12-03 18:25:21,194] [basehttp] ["GET / HTTP/1.1" 200 14307]
[WARNING] [2024-12-03 18:25:21,297] [log] [Not Found: /MEDIA/Null]
[WARNING] [2024-12-03 18:25:21,299] [basehttp] ["GET /MEDIA/Null HTTP/1.1" 404 3495]
[INFO] [2024-12-03 18:25:21,346] [basehttp] ["GET /MEDIA/products/Harry_Potter_and_the_Sorcerers_Stone_.jpg HTTP/1.1" 200 95296]
[INFO] [2024-12-03 18:25:26,243] [basehttp] ["GET /?page=4 HTTP/1.1" 200 10102]
[WARNING] [2024-12-03 18:25:26,288] [log] [Not Found: /MEDIA/NUll]
[WARNING] [2024-12-03 18:25:26,299] [basehttp] ["GET /MEDIA/NUll HTTP/1.1" 404 3495]
[WARNING] [2024-12-03 18:25:26,307] [log] [Not Found: /MEDIA/Null]
[WARNING] [2024-12-03 18:25:26,309] [basehttp] ["GET /MEDIA/Null HTTP/1.1" 404 3495]
[INFO] [2024-12-03 18:25:29,129] [basehttp] ["GET /?page=3 HTTP/1.1" 200 14243]
[WARNING] [2024-12-03 18:25:29,174] [log] [Not Found: /MEDIA/Null]
[WARNING] [2024-12-03 18:25:29,175] [basehttp] ["GET /MEDIA/Null HTTP/1.1" 404 3495]
[INFO] [2024-12-03 18:25:31,582] [basehttp] ["GET /?page=2 HTTP/1.1" 200 14229]
[WARNING] [2024-12-03 18:25:31,619] [log] [Not Found: /MEDIA/Null]
[WARNING] [2024-12-03 18:25:31,620] [basehttp] ["GET /MEDIA/Null HTTP/1.1" 404 3495]
[INFO] [2024-12-03 18:25:33,861] [basehttp] ["GET /?page=1 HTTP/1.1" 200 14307]
[WARNING] [2024-12-03 18:25:33,900] [log] [Not Found: /MEDIA/Null]
[WARNING] [2024-12-03 18:25:33,902] [basehttp] ["GET /MEDIA/Null HTTP/1.1" 404 3495]
[INFO] [2024-12-03 18:42:12,548] [autoreload] [/Users/ninelisurmava/Desktop/Py/ItStep/37Django/45myDjango/book_shope/urls.py changed, reloading.]
[INFO] [2024-12-03 18:42:13,426] [autoreload] [Watching for file changes with StatReloader]
[INFO] [2024-12-03 18:42:21,818] [autoreload] [/Users/ninelisurmava/Desktop/Py/ItStep/37Django/45myDjango/myDjango/urls.py changed, reloading.]
[INFO] [2024-12-03 18:42:22,603] [autoreload] [Watching for file changes with StatReloader]
[INFO] [2024-12-03 18:42:31,904] [autoreload] [/Users/ninelisurmava/Desktop/Py/ItStep/37Django/45myDjango/book_shope/urls.py changed, reloading.]
[INFO] [2024-12-03 18:42:32,426] [autoreload] [Watching for file changes with StatReloader]
[INFO] [2024-12-03 18:42:35,594] [autoreload] [/Users/ninelisurmava/Desktop/Py/ItStep/37Django/45myDjango/myDjango/urls.py changed, reloading.]
[INFO] [2024-12-03 18:42:36,015] [autoreload] [Watching for file changes with StatReloader]
[INFO] [2024-12-03 18:42:44,267] [autoreload] [Watching for file changes with StatReloader]
[INFO] [2024-12-03 18:44:02,504] [autoreload] [/Users/ninelisurmava/Desktop/Py/ItStep/37Django/45myDjango/myDjango/urls.py changed, reloading.]
[INFO] [2024-12-03 18:44:03,292] [autoreload] [Watching for file changes with StatReloader]
[INFO] [2024-12-03 18:44:06,682] [autoreload] [/Users/ninelisurmava/Desktop/Py/ItStep/37Django/45myDjango/book_shope/urls.py changed, reloading.]
[INFO] [2024-12-03 18:44:07,134] [autoreload] [Watching for file changes with StatReloader]
[INFO] [2024-12-03 19:20:45,981] [autoreload] [/Users/ninelisurmava/Desktop/Py/ItStep/37Django/45myDjango/book_shope/models.py changed, reloading.]
[INFO] [2024-12-03 19:20:46,872] [autoreload] [Watching for file changes with StatReloader]
[INFO] [2024-12-03 19:21:05,373] [autoreload] [/Users/ninelisurmava/Desktop/Py/ItStep/37Django/45myDjango/book_shope/models.py changed, reloading.]
[INFO] [2024-12-03 19:21:06,174] [autoreload] [Watching for file changes with StatReloader]
[INFO] [2024-12-03 19:21:38,976] [autoreload] [/Users/ninelisurmava/Desktop/Py/ItStep/37Django/45myDjango/myDjango/urls.py changed, reloading.]
[INFO] [2024-12-03 19:21:39,825] [autoreload] [Watching for file changes with StatReloader]
[INFO] [2024-12-03 19:21:49,942] [basehttp] ["GET /?page=1 HTTP/1.1" 200 14058]
[INFO] [2024-12-03 19:21:49,996] [basehttp] ["GET /MEDIA/products/Harry_Potter_and_the_Sorcerers_Stone_.jpg HTTP/1.1" 304 0]
[WARNING] [2024-12-03 19:21:50,002] [log] [Not Found: /MEDIA/Null]
[WARNING] [2024-12-03 19:21:50,011] [basehttp] ["GET /MEDIA/Null HTTP/1.1" 404 3495]
[INFO] [2024-12-03 19:22:28,958] [autoreload] [/Users/ninelisurmava/Desktop/Py/ItStep/37Django/45myDjango/book_shope/urls.py changed, reloading.]
[INFO] [2024-12-03 19:22:29,752] [autoreload] [Watching for file changes with StatReloader]
[INFO] [2024-12-03 19:22:31,010] [autoreload] [/Users/ninelisurmava/Desktop/Py/ItStep/37Django/45myDjango/book_shope/urls.py changed, reloading.]
[INFO] [2024-12-03 19:22:31,561] [autoreload] [Watching for file changes with StatReloader]
[INFO] [2024-12-03 19:22:35,374] [basehttp] ["GET /?page=1 HTTP/1.1" 200 14058]
[WARNING] [2024-12-03 19:22:35,416] [log] [Not Found: /MEDIA/Null]
[WARNING] [2024-12-03 19:22:35,417] [basehttp] ["GET /MEDIA/Null HTTP/1.1" 404 3709]
[INFO] [2024-12-03 19:22:36,223] [basehttp] ["GET /?page=1 HTTP/1.1" 200 14058]
[WARNING] [2024-12-03 19:22:36,249] [log] [Not Found: /MEDIA/Null]
[WARNING] [2024-12-03 19:22:36,250] [basehttp] ["GET /MEDIA/Null HTTP/1.1" 404 3709]
[INFO] [2024-12-03 19:23:33,819] [autoreload] [/Users/ninelisurmava/Desktop/Py/ItStep/37Django/45myDjango/book_shope/urls.py changed, reloading.]
[INFO] [2024-12-03 19:23:34,851] [autoreload] [Watching for file changes with StatReloader]
[INFO] [2024-12-03 19:23:42,283] [autoreload] [/Users/ninelisurmava/Desktop/Py/ItStep/37Django/45myDjango/myDjango/urls.py changed, reloading.]
[INFO] [2024-12-03 19:23:43,112] [autoreload] [Watching for file changes with StatReloader]
[INFO] [2024-12-03 19:23:59,562] [autoreload] [/Users/ninelisurmava/Desktop/Py/ItStep/37Django/45myDjango/book_shope/models.py changed, reloading.]
[INFO] [2024-12-03 19:24:00,268] [autoreload] [Watching for file changes with StatReloader]
